Using pre-set license
Built from '2021.2/release' branch; Version is '2021.2.0f1 (4bf1ec4b23c9) revision 4977132'; Using compiler version '192829333'; Build Type 'Release'
OS: 'Windows 10 Home; OS build 19043.1415; Version 2009; 64bit' Language: 'en' Physical Memory: 20317 MB
BatchMode: 1, IsHumanControllingUs: 0, StartBugReporterOnCrash: 0, Is64bit: 1, IsPro: 0

COMMAND LINE ARGUMENTS:
C:\Program Files\Unity\Hub\Editor\2021.2.0f1\Editor\Unity.exe
-adb2
-batchMode
-noUpm
-name
AssetImportWorker1
-projectPath
D:/Users/garyt/Documents/GitHub/BunkerSecurity/BunkerSecurity
-logFile
Logs/AssetImportWorker1.log
-srvPort
56254
Successfully changed project path to: D:/Users/garyt/Documents/GitHub/BunkerSecurity/BunkerSecurity
D:/Users/garyt/Documents/GitHub/BunkerSecurity/BunkerSecurity
[UnityMemory] Configuration Parameters - Can be set up in boot.config
    "memorysetup-bucket-allocator-granularity=16"
    "memorysetup-bucket-allocator-bucket-count=8"
    "memorysetup-bucket-allocator-block-size=33554432"
    "memorysetup-bucket-allocator-block-count=8"
    "memorysetup-main-allocator-block-size=16777216"
    "memorysetup-thread-allocator-block-size=16777216"
    "memorysetup-gfx-main-allocator-block-size=16777216"
    "memorysetup-gfx-thread-allocator-block-size=16777216"
    "memorysetup-cache-allocator-block-size=4194304"
    "memorysetup-typetree-allocator-block-size=2097152"
    "memorysetup-profiler-bucket-allocator-granularity=16"
    "memorysetup-profiler-bucket-allocator-bucket-count=8"
    "memorysetup-profiler-bucket-allocator-block-size=33554432"
    "memorysetup-profiler-bucket-allocator-block-count=8"
    "memorysetup-profiler-allocator-block-size=16777216"
    "memorysetup-profiler-editor-allocator-block-size=1048576"
    "memorysetup-temp-allocator-size-main=16777216"
    "memorysetup-job-temp-allocator-block-size=2097152"
    "memorysetup-job-temp-allocator-block-size-background=1048576"
    "memorysetup-job-temp-allocator-reduction-small-platforms=262144"
    "memorysetup-temp-allocator-size-background-worker=32768"
    "memorysetup-temp-allocator-size-job-worker=262144"
    "memorysetup-temp-allocator-size-preload-manager=33554432"
    "memorysetup-temp-allocator-size-nav-mesh-worker=65536"
    "memorysetup-temp-allocator-size-audio-worker=65536"
    "memorysetup-temp-allocator-size-cloud-worker=32768"
    "memorysetup-temp-allocator-size-gi-baking-worker=262144"
    "memorysetup-temp-allocator-size-gfx=262144"
Refreshing native plugins compatible for Editor in 124.57 ms, found 11 plugins.
Preloading 1 native plugins for Editor in 0.82 ms.
Initialize engine version: 2021.2.0f1 (4bf1ec4b23c9)
[Subsystems] Discovering subsystems at path C:/Program Files/Unity/Hub/Editor/2021.2.0f1/Editor/Data/Resources/UnitySubsystems
[Subsystems] Discovering subsystems at path D:/Users/garyt/Documents/GitHub/BunkerSecurity/BunkerSecurity/Assets
GfxDevice: creating device client; threaded=0; jobified=0
Direct3D:
    Version:  Direct3D 11.0 [level 11.1]
    Renderer: NVIDIA GeForce RTX 2060 (ID=0x1f15)
    Vendor:   NVIDIA
    VRAM:     5980 MB
    Driver:   30.0.14.9649
Initialize mono
Mono path[0] = 'C:/Program Files/Unity/Hub/Editor/2021.2.0f1/Editor/Data/Managed'
Mono path[1] = 'C:/Program Files/Unity/Hub/Editor/2021.2.0f1/Editor/Data/MonoBleedingEdge/lib/mono/unityjit-win32'
Mono config path = 'C:/Program Files/Unity/Hub/Editor/2021.2.0f1/Editor/Data/MonoBleedingEdge/etc'
Using monoOptions --debugger-agent=transport=dt_socket,embedding=1,server=y,suspend=n,address=127.0.0.1:56848
Begin MonoManager ReloadAssembly
Registering precompiled unity dll's ...
Register platform support module: C:/Program Files/Unity/Hub/Editor/2021.2.0f1/Editor/Data/PlaybackEngines/WindowsStandaloneSupport/UnityEditor.WindowsStandalone.Extensions.dll
Registered in 0.012770 seconds.
Native extension for WindowsStandalone target not found
Refreshing native plugins compatible for Editor in 114.70 ms, found 11 plugins.
Preloading 1 native plugins for Editor in 0.06 ms.
Mono: successfully reloaded assembly
- Completed reload, in  1.360 seconds
Domain Reload Profiling:
	ReloadAssembly (1360ms)
		BeginReloadAssembly (103ms)
			ExecutionOrderSort (0ms)
			DisableScriptedObjects (0ms)
			BackupInstance (0ms)
			ReleaseScriptingObjects (0ms)
			CreateAndSetChildDomain (1ms)
		EndReloadAssembly (635ms)
			LoadAssemblies (100ms)
			RebuildTransferFunctionScriptingTraits (0ms)
			SetupTypeCache (140ms)
			ReleaseScriptCaches (0ms)
			RebuildScriptCaches (35ms)
			SetupLoadedEditorAssemblies (385ms)
				LogAssemblyErrors (0ms)
				InitializePlatformSupportModulesInManaged (10ms)
				SetLoadedEditorAssemblies (0ms)
				RefreshPlugins (115ms)
				BeforeProcessingInitializeOnLoad (2ms)
				ProcessInitializeOnLoadAttributes (192ms)
				ProcessInitializeOnLoadMethodAttributes (65ms)
				AfterProcessingInitializeOnLoad (0ms)
				EditorAssembliesLoaded (0ms)
			ExecutionOrderSort2 (0ms)
			AwakeInstancesAfterBackupRestoration (0ms)
Platform modules already initialized, skipping
Registering precompiled user dll's ...
Registered in 0.008804 seconds.
Begin MonoManager ReloadAssembly
Symbol file LoadedFromMemory doesn't match image D:\Users\garyt\Documents\GitHub\BunkerSecurity\BunkerSecurity\Library\PackageCache\com.unity.visualscripting@1.7.5\Editor\VisualScripting.Core\Dependencies\DotNetZip\Unity.VisualScripting.IonicZip.dll
Symbol file LoadedFromMemory doesn't match image D:\Users\garyt\Documents\GitHub\BunkerSecurity\BunkerSecurity\Library\PackageCache\com.unity.visualscripting@1.7.5\Editor\VisualScripting.Core\Dependencies\YamlDotNet\Unity.VisualScripting.YamlDotNet.dll
Native extension for WindowsStandalone target not found
Refreshing native plugins compatible for Editor in 115.81 ms, found 11 plugins.
Preloading 1 native plugins for Editor in 0.06 ms.
Package Manager log level set to [2]
System.Reflection.TargetInvocationException: Exception has been thrown by the target of an invocation. ---> System.NullReferenceException: Object reference not set to an instance of an object
  at Unity.XR.Oculus.OculusLoader.AssetPathToAbsolutePath (System.String assetPath) [0x00041] in D:\Users\garyt\Documents\GitHub\BunkerSecurity\BunkerSecurity\Library\PackageCache\com.unity.xr.oculus@1.10.0\Runtime\OculusLoader.cs:250 
  at Unity.XR.Oculus.OculusLoader.EditorLoadOVRPlugin () [0x000b0] in D:\Users\garyt\Documents\GitHub\BunkerSecurity\BunkerSecurity\Library\PackageCache\com.unity.xr.oculus@1.10.0\Runtime\OculusLoader.cs:235 
  at (wrapper managed-to-native) System.Reflection.RuntimeMethodInfo.InternalInvoke(System.Reflection.RuntimeMethodInfo,object,object[],System.Exception&)
  at System.Reflection.RuntimeMethodInfo.Invoke (System.Object obj, System.Reflection.BindingFlags invokeAttr, System.Reflection.Binder binder, System.Object[] parameters, System.Globalization.CultureInfo culture) [0x0006a] in <7b5f9a2f7db343a4ab54846ed680277b>:0 
   --- End of inner exception stack trace ---
  at System.Reflection.RuntimeMethodInfo.Invoke (System.Object obj, System.Reflection.BindingFlags invokeAttr, System.Reflection.Binder binder, System.Object[] parameters, System.Globalization.CultureInfo culture) [0x00083] in <7b5f9a2f7db343a4ab54846ed680277b>:0 
  at System.Reflection.MethodBase.Invoke (System.Object obj, System.Object[] parameters) [0x00000] in <7b5f9a2f7db343a4ab54846ed680277b>:0 
  at UnityEditor.EditorAssemblies.ProcessInitializeOnLoadMethodAttributes () [0x000a5] in <12f9706bdb064a6c8a1d1b6f565a0097>:0 
UnityEngine.StackTraceUtility:ExtractStackTrace ()
UnityEngine.DebugLogHandler:LogFormat (UnityEngine.LogType,UnityEngine.Object,string,object[])
UnityEngine.Logger:Log (UnityEngine.LogType,object)
UnityEngine.Debug:LogError (object)
UnityEditor.EditorAssemblies:ProcessInitializeOnLoadMethodAttributes ()

Mono: successfully reloaded assembly
- Completed reload, in  1.920 seconds
Domain Reload Profiling:
	ReloadAssembly (1922ms)
		BeginReloadAssembly (201ms)
			ExecutionOrderSort (0ms)
			DisableScriptedObjects (7ms)
			BackupInstance (0ms)
			ReleaseScriptingObjects (0ms)
			CreateAndSetChildDomain (22ms)
		EndReloadAssembly (1598ms)
			LoadAssemblies (100ms)
			RebuildTransferFunctionScriptingTraits (0ms)
			SetupTypeCache (423ms)
			ReleaseScriptCaches (1ms)
			RebuildScriptCaches (77ms)
			SetupLoadedEditorAssemblies (844ms)
				LogAssemblyErrors (0ms)
				InitializePlatformSupportModulesInManaged (14ms)
				SetLoadedEditorAssemblies (0ms)
				RefreshPlugins (116ms)
				BeforeProcessingInitializeOnLoad (141ms)
				ProcessInitializeOnLoadAttributes (523ms)
				ProcessInitializeOnLoadMethodAttributes (38ms)
				AfterProcessingInitializeOnLoad (11ms)
				EditorAssembliesLoaded (0ms)
			ExecutionOrderSort2 (0ms)
			AwakeInstancesAfterBackupRestoration (6ms)
Platform modules already initialized, skipping
========================================================================
Worker process is ready to serve import requests
Launched and connected shader compiler UnityShaderCompiler.exe after 0.05 seconds
Refreshing native plugins compatible for Editor in 1.77 ms, found 11 plugins.
Preloading 1 native plugins for Editor in 0.11 ms.
Unloading 4023 Unused Serialized files (Serialized files now loaded: 0)
Unloading 48 unused Assets / (113.7 KB). Loaded Objects now: 4483.
Memory consumption went from 144.9 MB to 144.8 MB.
Total: 4.419500 ms (FindLiveObjects: 0.364600 ms CreateObjectMapping: 0.276500 ms MarkObjects: 3.655800 ms  DeleteObjects: 0.121100 ms)

AssetImportParameters requested are different than current active one (requested -> active):
  custom:video-decoder-ogg-theora: a1e56fd34408186e4bbccfd4996cb3dc -> 
  custom:container-muxer-webm: aa71ff27fc2769a1b78a27578f13a17b -> 
  custom:container-demuxer-webm: 4f35f7cbe854078d1ac9338744f61a02 -> 
  custom:video-encoder-webm-vp8: eb34c28f22e8b96e1ab97ce403110664 -> 
  custom:audio-encoder-webm-vorbis: bf7c407c2cedff20999df2af8eb42d56 -> 
  custom:framework-win-MediaFoundation: 216162199b28c13a410421893ffa2e32 -> 
  custom:container-demuxer-ogg: 62fdf1f143b41e24485cea50d1cbac27 -> 
  custom:video-decoder-webm-vp8: 9c59270c3fd7afecdb556c50c9e8de78 -> 
  custom:audio-decoder-ogg-vorbis: bf7c407c2cedff20999df2af8eb42d56 -> 
========================================================================
Received Import Request.
  Time since last request: 758962.274971 seconds.
  path: Assets/Samples/XR Interaction Toolkit/1.0.0-pre.8/Default Input Actions/XRI Default Left Controller.preset
  artifactKey: Guid(ffd8268f7307a0c48a067dad4a8fe060) Importer(815301076,1909f56bfc062723c751e8b465ee728b)
Start importing Assets/Samples/XR Interaction Toolkit/1.0.0-pre.8/Default Input Actions/XRI Default Left Controller.preset using Guid(ffd8268f7307a0c48a067dad4a8fe060) Importer(815301076,1909f56bfc062723c751e8b465ee728b)  -> (artifact id: '11404dc65b2e35df41c00ad8436952f5') in 0.087601 seconds 
========================================================================
Received Import Request.
  Time since last request: 0.000025 seconds.
  path: Assets/Samples/XR Interaction Toolkit/1.0.0-pre.8/Default Input Actions/XRI Default Snap Turn.preset
  artifactKey: Guid(18697d253d848974aa7052cba872c9f0) Importer(815301076,1909f56bfc062723c751e8b465ee728b)
Start importing Assets/Samples/XR Interaction Toolkit/1.0.0-pre.8/Default Input Actions/XRI Default Snap Turn.preset using Guid(18697d253d848974aa7052cba872c9f0) Importer(815301076,1909f56bfc062723c751e8b465ee728b)  -> (artifact id: '7acc7278423eaabf268c6d77776e39d6') in 0.013292 seconds 
========================================================================
Received Import Request.
  Time since last request: 0.000023 seconds.
  path: Assets/Samples/XR Interaction Toolkit/1.0.0-pre.8/Default Input Actions/XRI Default Input Actions.inputactions
  artifactKey: Guid(c348712bda248c246b8c49b3db54643f) Importer(815301076,1909f56bfc062723c751e8b465ee728b)
Start importing Assets/Samples/XR Interaction Toolkit/1.0.0-pre.8/Default Input Actions/XRI Default Input Actions.inputactions using Guid(c348712bda248c246b8c49b3db54643f) Importer(815301076,1909f56bfc062723c751e8b465ee728b)  -> (artifact id: 'bbfc57ac5238c59b4a4a33a3c99d2408') in 0.014757 seconds 
========================================================================
Received Import Request.
  Time since last request: 0.000020 seconds.
  path: Assets/Samples/XR Interaction Toolkit/1.0.0-pre.8/Default Input Actions/XRI Default Continuous Turn.preset
  artifactKey: Guid(0caad3af14f9a414dbdf25ed41e5aa47) Importer(815301076,1909f56bfc062723c751e8b465ee728b)
Start importing Assets/Samples/XR Interaction Toolkit/1.0.0-pre.8/Default Input Actions/XRI Default Continuous Turn.preset using Guid(0caad3af14f9a414dbdf25ed41e5aa47) Importer(815301076,1909f56bfc062723c751e8b465ee728b)  -> (artifact id: '9422b6bf5aec3a199f7b6ae6146b8a0a') in 0.011898 seconds 
========================================================================
Received Import Request.
  Time since last request: 0.000022 seconds.
  path: Assets/Samples/XR Interaction Toolkit/1.0.0-pre.8/Default Input Actions
  artifactKey: Guid(8d1868749951c8545b5c012d0e98edec) Importer(815301076,1909f56bfc062723c751e8b465ee728b)
Start importing Assets/Samples/XR Interaction Toolkit/1.0.0-pre.8/Default Input Actions using Guid(8d1868749951c8545b5c012d0e98edec) Importer(815301076,1909f56bfc062723c751e8b465ee728b)  -> (artifact id: 'ab4a7717dfa497d0c2504517c0ad4fc2') in 0.006104 seconds 
========================================================================
Received Prepare
Registering precompiled user dll's ...
Registered in 0.010045 seconds.
Begin MonoManager ReloadAssembly
Symbol file LoadedFromMemory doesn't match image D:\Users\garyt\Documents\GitHub\BunkerSecurity\BunkerSecurity\Library\PackageCache\com.unity.visualscripting@1.7.5\Editor\VisualScripting.Core\Dependencies\DotNetZip\Unity.VisualScripting.IonicZip.dll
Symbol file LoadedFromMemory doesn't match image D:\Users\garyt\Documents\GitHub\BunkerSecurity\BunkerSecurity\Library\PackageCache\com.unity.visualscripting@1.7.5\Editor\VisualScripting.Core\Dependencies\YamlDotNet\Unity.VisualScripting.YamlDotNet.dll
Native extension for WindowsStandalone target not found
Refreshing native plugins compatible for Editor in 0.90 ms, found 11 plugins.
Preloading 1 native plugins for Editor in 0.06 ms.
Assertion failed
UnityEngine.StackTraceUtility:ExtractStackTrace ()
UnityEngine.DebugLogHandler:LogFormat (UnityEngine.LogType,UnityEngine.Object,string,object[])
UnityEngine.Logger:Log (UnityEngine.LogType,object)
UnityEngine.Debug:Assert (bool)
UnityEngine.InputSystem.InputManager:get_settings () (at Library/PackageCache/com.unity.inputsystem@1.2.0/InputSystem/InputManager.cs:89)
UnityEngine.InputSystem.InputSystem:get_settings () (at Library/PackageCache/com.unity.inputsystem@1.2.0/InputSystem/InputSystem.cs:2828)
UnityEngine.InputSystem.InputSystem:InitializeInEditor (UnityEngine.InputSystem.LowLevel.IInputRuntime) (at Library/PackageCache/com.unity.inputsystem@1.2.0/InputSystem/InputSystem.cs:3235)
UnityEngine.InputSystem.InputSystem:.cctor () (at Library/PackageCache/com.unity.inputsystem@1.2.0/InputSystem/InputSystem.cs:3154)
Unity.XR.Oculus.InputLayoutLoader:RegisterInputLayouts () (at Library/PackageCache/com.unity.xr.oculus@1.10.0/Runtime/OculusLoader.cs:36)
Unity.XR.Oculus.InputLayoutLoader:.cctor () (at Library/PackageCache/com.unity.xr.oculus@1.10.0/Runtime/OculusLoader.cs:31)
System.Runtime.CompilerServices.RuntimeHelpers:RunClassConstructor (System.RuntimeTypeHandle)
UnityEditor.EditorAssemblies:ProcessInitializeOnLoadAttributes (System.Type[])

(Filename: Library/PackageCache/com.unity.inputsystem@1.2.0/InputSystem/InputManager.cs Line: 89)

Assertion failed
UnityEngine.StackTraceUtility:ExtractStackTrace ()
UnityEngine.DebugLogHandler:LogFormat (UnityEngine.LogType,UnityEngine.Object,string,object[])
UnityEngine.Logger:Log (UnityEngine.LogType,object)
UnityEngine.Debug:Assert (bool)
UnityEngine.InputSystem.InputSystem:InitializeInEditor (UnityEngine.InputSystem.LowLevel.IInputRuntime) (at Library/PackageCache/com.unity.inputsystem@1.2.0/InputSystem/InputSystem.cs:3235)
UnityEngine.InputSystem.InputSystem:.cctor () (at Library/PackageCache/com.unity.inputsystem@1.2.0/InputSystem/InputSystem.cs:3154)
Unity.XR.Oculus.InputLayoutLoader:RegisterInputLayouts () (at Library/PackageCache/com.unity.xr.oculus@1.10.0/Runtime/OculusLoader.cs:36)
Unity.XR.Oculus.InputLayoutLoader:.cctor () (at Library/PackageCache/com.unity.xr.oculus@1.10.0/Runtime/OculusLoader.cs:31)
System.Runtime.CompilerServices.RuntimeHelpers:RunClassConstructor (System.RuntimeTypeHandle)
UnityEditor.EditorAssemblies:ProcessInitializeOnLoadAttributes (System.Type[])

(Filename: Library/PackageCache/com.unity.inputsystem@1.2.0/InputSystem/InputSystem.cs Line: 3235)

Assertion failed
UnityEngine.StackTraceUtility:ExtractStackTrace ()
UnityEngine.DebugLogHandler:LogFormat (UnityEngine.LogType,UnityEngine.Object,string,object[])
UnityEngine.Logger:Log (UnityEngine.LogType,object)
UnityEngine.Debug:Assert (bool)
UnityEngine.InputSystem.InputManager:get_settings () (at Library/PackageCache/com.unity.inputsystem@1.2.0/InputSystem/InputManager.cs:89)
UnityEngine.InputSystem.InputSystem:get_settings () (at Library/PackageCache/com.unity.inputsystem@1.2.0/InputSystem/InputSystem.cs:2828)
UnityEngine.InputSystem.InputSystem:InitializeInEditor (UnityEngine.InputSystem.LowLevel.IInputRuntime) (at Library/PackageCache/com.unity.inputsystem@1.2.0/InputSystem/InputSystem.cs:3237)
UnityEngine.InputSystem.InputSystem:.cctor () (at Library/PackageCache/com.unity.inputsystem@1.2.0/InputSystem/InputSystem.cs:3154)
Unity.XR.Oculus.InputLayoutLoader:RegisterInputLayouts () (at Library/PackageCache/com.unity.xr.oculus@1.10.0/Runtime/OculusLoader.cs:36)
Unity.XR.Oculus.InputLayoutLoader:.cctor () (at Library/PackageCache/com.unity.xr.oculus@1.10.0/Runtime/OculusLoader.cs:31)
System.Runtime.CompilerServices.RuntimeHelpers:RunClassConstructor (System.RuntimeTypeHandle)
UnityEditor.EditorAssemblies:ProcessInitializeOnLoadAttributes (System.Type[])

(Filename: Library/PackageCache/com.unity.inputsystem@1.2.0/InputSystem/InputManager.cs Line: 89)

System.TypeInitializationException: The type initializer for 'UnityEngine.InputSystem.InputSystem' threw an exception. ---> System.NullReferenceException: Object reference not set to an instance of an object
  at UnityEngine.InputSystem.InputSystem.InitializeInEditor (UnityEngine.InputSystem.LowLevel.IInputRuntime runtime) [0x00178] in D:\Users\garyt\Documents\GitHub\BunkerSecurity\BunkerSecurity\Library\PackageCache\com.unity.inputsystem@1.2.0\InputSystem\InputSystem.cs:3237 
  at UnityEngine.InputSystem.InputSystem..cctor () [0x00001] in D:\Users\garyt\Documents\GitHub\BunkerSecurity\BunkerSecurity\Library\PackageCache\com.unity.inputsystem@1.2.0\InputSystem\InputSystem.cs:3154 
   --- End of inner exception stack trace ---
  at Unity.XR.Oculus.InputLayoutLoader.RegisterInputLayouts () [0x00001] in D:\Users\garyt\Documents\GitHub\BunkerSecurity\BunkerSecurity\Library\PackageCache\com.unity.xr.oculus@1.10.0\Runtime\OculusLoader.cs:36 
  at Unity.XR.Oculus.InputLayoutLoader..cctor () [0x00001] in D:\Users\garyt\Documents\GitHub\BunkerSecurity\BunkerSecurity\Library\PackageCache\com.unity.xr.oculus@1.10.0\Runtime\OculusLoader.cs:31 
UnityEngine.StackTraceUtility:ExtractStackTrace ()
UnityEngine.DebugLogHandler:LogFormat (UnityEngine.LogType,UnityEngine.Object,string,object[])
UnityEngine.Logger:Log (UnityEngine.LogType,object)
UnityEngine.Debug:LogError (object)
UnityEditor.EditorAssemblies:ProcessInitializeOnLoadAttributes (System.Type[])

System.TypeInitializationException: The type initializer for 'UnityEngine.InputSystem.InputSystem' threw an exception. ---> System.NullReferenceException: Object reference not set to an instance of an object
  at UnityEngine.InputSystem.InputSystem.InitializeInEditor (UnityEngine.InputSystem.LowLevel.IInputRuntime runtime) [0x00178] in D:\Users\garyt\Documents\GitHub\BunkerSecurity\BunkerSecurity\Library\PackageCache\com.unity.inputsystem@1.2.0\InputSystem\InputSystem.cs:3237 
  at UnityEngine.InputSystem.InputSystem..cctor () [0x00001] in D:\Users\garyt\Documents\GitHub\BunkerSecurity\BunkerSecurity\Library\PackageCache\com.unity.inputsystem@1.2.0\InputSystem\InputSystem.cs:3154 
   --- End of inner exception stack trace ---
  at UnityEngine.XR.OpenXR.Input.OpenXRInput.RegisterLayouts () [0x00001] in D:\Users\garyt\Documents\GitHub\BunkerSecurity\BunkerSecurity\Library\PackageCache\com.unity.xr.openxr@1.2.8\Runtime\input\OpenXRInput.cs:54 
  at UnityEngine.XR.OpenXR.Input.OpenXRInput..cctor () [0x0000b] in D:\Users\garyt\Documents\GitHub\BunkerSecurity\BunkerSecurity\Library\PackageCache\com.unity.xr.openxr@1.2.8\Runtime\input\OpenXRInput.cs:28 
UnityEngine.StackTraceUtility:ExtractStackTrace ()
UnityEngine.DebugLogHandler:LogFormat (UnityEngine.LogType,UnityEngine.Object,string,object[])
UnityEngine.Logger:Log (UnityEngine.LogType,object)
UnityEngine.Debug:LogError (object)
UnityEditor.EditorAssemblies:ProcessInitializeOnLoadAttributes (System.Type[])

System.NullReferenceException: Object reference not set to an instance of an object
  at UnityEngine.InputSystem.InputSystem.InitializeInEditor (UnityEngine.InputSystem.LowLevel.IInputRuntime runtime) [0x00178] in D:\Users\garyt\Documents\GitHub\BunkerSecurity\BunkerSecurity\Library\PackageCache\com.unity.inputsystem@1.2.0\InputSystem\InputSystem.cs:3237 
  at UnityEngine.InputSystem.InputSystem..cctor () [0x00001] in D:\Users\garyt\Documents\GitHub\BunkerSecurity\BunkerSecurity\Library\PackageCache\com.unity.inputsystem@1.2.0\InputSystem\InputSystem.cs:3154 
UnityEngine.StackTraceUtility:ExtractStackTrace ()
UnityEngine.DebugLogHandler:LogFormat (UnityEngine.LogType,UnityEngine.Object,string,object[])
UnityEngine.Logger:Log (UnityEngine.LogType,object)
UnityEngine.Debug:LogError (object)
UnityEditor.EditorAssemblies:ProcessInitializeOnLoadAttributes (System.Type[])

System.TypeInitializationException: The type initializer for 'UnityEngine.InputSystem.InputSystem' threw an exception. ---> System.NullReferenceException: Object reference not set to an instance of an object
  at UnityEngine.InputSystem.InputSystem.InitializeInEditor (UnityEngine.InputSystem.LowLevel.IInputRuntime runtime) [0x00178] in D:\Users\garyt\Documents\GitHub\BunkerSecurity\BunkerSecurity\Library\PackageCache\com.unity.inputsystem@1.2.0\InputSystem\InputSystem.cs:3237 
  at UnityEngine.InputSystem.InputSystem..cctor () [0x00001] in D:\Users\garyt\Documents\GitHub\BunkerSecurity\BunkerSecurity\Library\PackageCache\com.unity.inputsystem@1.2.0\InputSystem\InputSystem.cs:3154 
   --- End of inner exception stack trace ---
  at UnityEngine.XR.Interaction.Toolkit.Inputs.Simulation.SimulatedInputLayoutLoader.RegisterInputLayouts () [0x00001] in D:\Users\garyt\Documents\GitHub\BunkerSecurity\BunkerSecurity\Library\PackageCache\com.unity.xr.interaction.toolkit@2.0.0-pre.6\Runtime\Inputs\Simulation\SimulatedInputLayoutLoader.cs:37 
  at UnityEngine.XR.Interaction.Toolkit.Inputs.Simulation.SimulatedInputLayoutLoader..cctor () [0x00001] in D:\Users\garyt\Documents\GitHub\BunkerSecurity\BunkerSecurity\Library\PackageCache\com.unity.xr.interaction.toolkit@2.0.0-pre.6\Runtime\Inputs\Simulation\SimulatedInputLayoutLoader.cs:23 
UnityEngine.StackTraceUtility:ExtractStackTrace ()
UnityEngine.DebugLogHandler:LogFormat (UnityEngine.LogType,UnityEngine.Object,string,object[])
UnityEngine.Logger:Log (UnityEngine.LogType,object)
UnityEngine.Debug:LogError (object)
UnityEditor.EditorAssemblies:ProcessInitializeOnLoadAttributes (System.Type[])

System.TypeInitializationException: The type initializer for 'UnityEngine.InputSystem.InputSystem' threw an exception. ---> System.NullReferenceException: Object reference not set to an instance of an object
  at UnityEngine.InputSystem.InputSystem.InitializeInEditor (UnityEngine.InputSystem.LowLevel.IInputRuntime runtime) [0x00178] in D:\Users\garyt\Documents\GitHub\BunkerSecurity\BunkerSecurity\Library\PackageCache\com.unity.inputsystem@1.2.0\InputSystem\InputSystem.cs:3237 
  at UnityEngine.InputSystem.InputSystem..cctor () [0x00001] in D:\Users\garyt\Documents\GitHub\BunkerSecurity\BunkerSecurity\Library\PackageCache\com.unity.inputsystem@1.2.0\InputSystem\InputSystem.cs:3154 
   --- End of inner exception stack trace ---
  at UnityEngine.XR.Interaction.Toolkit.Inputs.Interactions.SectorInteraction..cctor () [0x0000b] in D:\Users\garyt\Documents\GitHub\BunkerSecurity\BunkerSecurity\Library\PackageCache\com.unity.xr.interaction.toolkit@2.0.0-pre.6\Runtime\Inputs\Interactions\SectorInteraction.cs:282 
UnityEngine.StackTraceUtility:ExtractStackTrace ()
UnityEngine.DebugLogHandler:LogFormat (UnityEngine.LogType,UnityEngine.Object,string,object[])
UnityEngine.Logger:Log (UnityEngine.LogType,object)
UnityEngine.Debug:LogError (object)
UnityEditor.EditorAssemblies:ProcessInitializeOnLoadAttributes (System.Type[])

System.TypeInitializationException: The type initializer for 'UnityEngine.InputSystem.InputSystem' threw an exception. ---> System.NullReferenceException: Object reference not set to an instance of an object
  at UnityEngine.InputSystem.InputSystem.InitializeInEditor (UnityEngine.InputSystem.LowLevel.IInputRuntime runtime) [0x00178] in D:\Users\garyt\Documents\GitHub\BunkerSecurity\BunkerSecurity\Library\PackageCache\com.unity.inputsystem@1.2.0\InputSystem\InputSystem.cs:3237 
  at UnityEngine.InputSystem.InputSystem..cctor () [0x00001] in D:\Users\garyt\Documents\GitHub\BunkerSecurity\BunkerSecurity\Library\PackageCache\com.unity.inputsystem@1.2.0\InputSystem\InputSystem.cs:3154 
   --- End of inner exception stack trace ---
  at UnityEngine.XR.Interaction.Toolkit.Inputs.Composites.Vector3FallbackComposite..cctor () [0x00001] in D:\Users\garyt\Documents\GitHub\BunkerSecurity\BunkerSecurity\Library\PackageCache\com.unity.xr.interaction.toolkit@2.0.0-pre.6\Runtime\Inputs\Composites\FallbackComposite.cs:73 
UnityEngine.StackTraceUtility:ExtractStackTrace ()
UnityEngine.DebugLogHandler:LogFormat (UnityEngine.LogType,UnityEngine.Object,string,object[])
UnityEngine.Logger:Log (UnityEngine.LogType,object)
UnityEngine.Debug:LogError (object)
UnityEditor.EditorAssemblies:ProcessInitializeOnLoadAttributes (System.Type[])

System.TypeInitializationException: The type initializer for 'UnityEngine.InputSystem.InputSystem' threw an exception. ---> System.NullReferenceException: Object reference not set to an instance of an object
  at UnityEngine.InputSystem.InputSystem.InitializeInEditor (UnityEngine.InputSystem.LowLevel.IInputRuntime runtime) [0x00178] in D:\Users\garyt\Documents\GitHub\BunkerSecurity\BunkerSecurity\Library\PackageCache\com.unity.inputsystem@1.2.0\InputSystem\InputSystem.cs:3237 
  at UnityEngine.InputSystem.InputSystem..cctor () [0x00001] in D:\Users\garyt\Documents\GitHub\BunkerSecurity\BunkerSecurity\Library\PackageCache\com.unity.inputsystem@1.2.0\InputSystem\InputSystem.cs:3154 
   --- End of inner exception stack trace ---
  at UnityEngine.XR.Interaction.Toolkit.Inputs.Composites.QuaternionFallbackComposite..cctor () [0x00001] in D:\Users\garyt\Documents\GitHub\BunkerSecurity\BunkerSecurity\Library\PackageCache\com.unity.xr.interaction.toolkit@2.0.0-pre.6\Runtime\Inputs\Composites\FallbackComposite.cs:138 
UnityEngine.StackTraceUtility:ExtractStackTrace ()
UnityEngine.DebugLogHandler:LogFormat (UnityEngine.LogType,UnityEngine.Object,string,object[])
UnityEngine.Logger:Log (UnityEngine.LogType,object)
UnityEngine.Debug:LogError (object)
UnityEditor.EditorAssemblies:ProcessInitializeOnLoadAttributes (System.Type[])

System.Reflection.TargetInvocationException: Exception has been thrown by the target of an invocation. ---> System.NullReferenceException: Object reference not set to an instance of an object
  at Unity.XR.Oculus.OculusLoader.AssetPathToAbsolutePath (System.String assetPath) [0x00041] in D:\Users\garyt\Documents\GitHub\BunkerSecurity\BunkerSecurity\Library\PackageCache\com.unity.xr.oculus@1.10.0\Runtime\OculusLoader.cs:250 
  at Unity.XR.Oculus.OculusLoader.EditorLoadOVRPlugin () [0x000b0] in D:\Users\garyt\Documents\GitHub\BunkerSecurity\BunkerSecurity\Library\PackageCache\com.unity.xr.oculus@1.10.0\Runtime\OculusLoader.cs:235 
  at (wrapper managed-to-native) System.Reflection.RuntimeMethodInfo.InternalInvoke(System.Reflection.RuntimeMethodInfo,object,object[],System.Exception&)
  at System.Reflection.RuntimeMethodInfo.Invoke (System.Object obj, System.Reflection.BindingFlags invokeAttr, System.Reflection.Binder binder, System.Object[] parameters, System.Globalization.CultureInfo culture) [0x0006a] in <7b5f9a2f7db343a4ab54846ed680277b>:0 
   --- End of inner exception stack trace ---
  at System.Reflection.RuntimeMethodInfo.Invoke (System.Object obj, System.Reflection.BindingFlags invokeAttr, System.Reflection.Binder binder, System.Object[] parameters, System.Globalization.CultureInfo culture) [0x00083] in <7b5f9a2f7db343a4ab54846ed680277b>:0 
  at System.Reflection.MethodBase.Invoke (System.Object obj, System.Object[] parameters) [0x00000] in <7b5f9a2f7db343a4ab54846ed680277b>:0 
  at UnityEditor.EditorAssemblies.ProcessInitializeOnLoadMethodAttributes () [0x000a5] in <12f9706bdb064a6c8a1d1b6f565a0097>:0 
UnityEngine.StackTraceUtility:ExtractStackTrace ()
UnityEngine.DebugLogHandler:LogFormat (UnityEngine.LogType,UnityEngine.Object,string,object[])
UnityEngine.Logger:Log (UnityEngine.LogType,object)
UnityEngine.Debug:LogError (object)
UnityEditor.EditorAssemblies:ProcessInitializeOnLoadMethodAttributes ()

Mono: successfully reloaded assembly
- Completed reload, in  1.375 seconds
Domain Reload Profiling:
	ReloadAssembly (1375ms)
		BeginReloadAssembly (199ms)
			ExecutionOrderSort (0ms)
			DisableScriptedObjects (5ms)
			BackupInstance (0ms)
			ReleaseScriptingObjects (0ms)
			CreateAndSetChildDomain (52ms)
		EndReloadAssembly (1065ms)
			LoadAssemblies (110ms)
			RebuildTransferFunctionScriptingTraits (0ms)
			SetupTypeCache (314ms)
			ReleaseScriptCaches (1ms)
			RebuildScriptCaches (45ms)
			SetupLoadedEditorAssemblies (488ms)
				LogAssemblyErrors (0ms)
				InitializePlatformSupportModulesInManaged (12ms)
				SetLoadedEditorAssemblies (0ms)
				RefreshPlugins (1ms)
				BeforeProcessingInitializeOnLoad (78ms)
				ProcessInitializeOnLoadAttributes (359ms)
				ProcessInitializeOnLoadMethodAttributes (28ms)
				AfterProcessingInitializeOnLoad (9ms)
				EditorAssembliesLoaded (0ms)
			ExecutionOrderSort2 (0ms)
			AwakeInstancesAfterBackupRestoration (7ms)
Platform modules already initialized, skipping
Refreshing native plugins compatible for Editor in 1.34 ms, found 11 plugins.
Preloading 1 native plugins for Editor in 0.07 ms.
Unloading 4151 Unused Serialized files (Serialized files now loaded: 0)
Unloading 42 unused Assets / (79.9 KB). Loaded Objects now: 4637.
Memory consumption went from 155.8 MB to 155.7 MB.
Total: 3.982600 ms (FindLiveObjects: 0.344300 ms CreateObjectMapping: 0.281900 ms MarkObjects: 3.269100 ms  DeleteObjects: 0.086600 ms)

AssetImportParameters requested are different than current active one (requested -> active):
  custom:video-decoder-ogg-theora: a1e56fd34408186e4bbccfd4996cb3dc -> 
  custom:container-muxer-webm: aa71ff27fc2769a1b78a27578f13a17b -> 
  custom:container-demuxer-webm: 4f35f7cbe854078d1ac9338744f61a02 -> 
  custom:video-encoder-webm-vp8: eb34c28f22e8b96e1ab97ce403110664 -> 
  custom:audio-encoder-webm-vorbis: bf7c407c2cedff20999df2af8eb42d56 -> 
  custom:framework-win-MediaFoundation: 216162199b28c13a410421893ffa2e32 -> 
  custom:container-demuxer-ogg: 62fdf1f143b41e24485cea50d1cbac27 -> 
  custom:video-decoder-webm-vp8: 9c59270c3fd7afecdb556c50c9e8de78 -> 
  custom:audio-decoder-ogg-vorbis: bf7c407c2cedff20999df2af8eb42d56 -> 
Editor requested this worker to shutdown with reason: Scaling down because of idle timeout
AssetImportWorker is now disconnected from the server
Process exiting
Exiting without the bug reporter. Application will terminate with return code 0